{
  "RSpec": {
    "coverage": {
      "/Users/alek/Dropbox/launchacademy/delta/neighborhoods/app/models/user.rb": [
        1,
        1,
        1,
        1,
        null,
        null,
        null,
        1,
        null,
        1,
        null,
        1,
        0,
        null,
        null
      ],
      "/Users/alek/Dropbox/launchacademy/delta/neighborhoods/app/uploaders/avatar_uploader.rb": [
        null,
        null,
        1,
        null,
        null,
        null,
        null,
        null,
        null,
        1,
        null,
        null,
        null,
        null,
        1,
        0,
        null,
        null,
        1,
        0,
        null,
        null
      ],
      "/Users/alek/Dropbox/launchacademy/delta/neighborhoods/app/helpers/application_helper.rb": [
        1,
        1,
        0,
        0,
        null,
        0,
        null,
        null,
        null
      ],
      "/Users/alek/Dropbox/launchacademy/delta/neighborhoods/app/models/neighborhood.rb": [
        1,
        1,
        1,
        null,
        1,
        null,
        1,
        0,
        0,
        null,
        null
      ],
      "/Users/alek/Dropbox/launchacademy/delta/neighborhoods/app/controllers/neighborhoods_controller.rb": [
        1,
        1,
        null,
        1,
        4,
        2,
        null,
        2,
        null,
        null,
        null,
        1,
        0,
        null,
        null,
        1,
        0,
        null,
        0,
        0,
        0,
        0,
        null,
        0,
        0,
        null,
        null,
        null,
        1,
        0,
        0,
        0,
        null,
        null,
        null,
        1,
        null,
        1,
        0,
        null,
        null
      ],
      "/Users/alek/Dropbox/launchacademy/delta/neighborhoods/app/controllers/application_controller.rb": [
        1,
        1,
        null,
        1,
        null,
        1,
        0,
        null,
        null,
        1,
        null,
        1,
        0,
        null,
        null
      ]
    },
    "timestamp": 1404315508
  }
}
